#
# There is insufficient memory for the Java Runtime Environment to continue.
# Native memory allocation (malloc) failed to allocate 32744 bytes for ChunkPool::allocate
# Possible reasons:
#   The system is out of physical RAM or swap space
#   In 32 bit mode, the process size limit was hit
# Possible solutions:
#   Reduce memory load on the system
#   Increase physical memory or swap space
#   Check if swap backing store is full
#   Use 64 bit Java on a 64 bit OS
#   Decrease Java heap size (-Xmx/-Xms)
#   Decrease number of Java threads
#
#  Out of Memory Error
#
# ]
Stack: [0x000000001d6c0000,0x000000001d7c0000]
[error occurred during error reporting (printing stack bounds), id 0xc0000005]

Native frames: (J=compiled Java code, j=interpreted, Vv=VM code, C=native code)


Current CompileTask:
C1:145292889  451  s    3       sun.awt.windows.WDesktopProperties::setSoundProperty (84 bytes)


---------------  P R O C E S S  ---------------

Java Threads: ( => current thread )
  0x000000001dfce000 JavaThread "D3D Screen Updater" daemon [_thread_blocked, id=26788, stack(0x00000000282d0000,0x00000000283d0000)]
  0x00000000026ee800 JavaThread "DestroyJavaVM" [_thread_blocked, id=7520, stack(0x00000000025c0000,0x00000000026c0000)]
  0x000000001df4e000 JavaThread "AWT-EventQueue-0" [_thread_blocked, id=17396, stack(0x00000000280d0000,0x00000000281d0000)]
  0x000000001db9f000 JavaThread "AWT-Windows" daemon [_thread_in_native, id=20684, stack(0x000000001ea60000,0x000000001eb60000)]
  0x000000001db9e000 JavaThread "AWT-Shutdown" [_thread_blocked, id=26768, stack(0x000000001e960000,0x000000001ea60000)]
  0x000000001db9b000 JavaThread "Java2D Disposer" daemon [_thread_blocked, id=21140, stack(0x000000001e860000,0x000000001e960000)]
  0x000000001d7e0800 JavaThread "Service Thread" daemon [_thread_blocked, id=12356, stack(0x000000001dbc0000,0x000000001dcc0000)]
=>0x000000001be84000 JavaThread "C1 CompilerThread2" daemon [_thread_in_native, id=14652, stack(0x000000001d6c0000,0x000000001d7c0000)]
  0x000000001be79000 JavaThread "C2 CompilerThread1" daemon [_thread_blocked, id=14800, stack(0x000000001d5c0000,0x000000001d6c0000)]
  0x000000001be6d800 JavaThread "C2 CompilerThread0" daemon [_thread_blocked, id=24248, stack(0x000000001d4c0000,0x000000001d5c0000)]
  0x000000001be6c000 JavaThread "Attach Listener" daemon [_thread_blocked, id=512, stack(0x000000001d3c0000,0x000000001d4c0000)]
  0x000000001be6a800 JavaThread "Signal Dispatcher" daemon [_thread_blocked, id=27260, stack(0x000000001d2c0000,0x000000001d3c0000)]
  0x000000001be5a800 JavaThread "Finalizer" daemon [_thread_blocked, id=13636, stack(0x000000001d0d0000,0x000000001d1d0000)]
  0x0000000002801000 JavaThread "Reference Handler" daemon [_thread_blocked, id=27448, stack(0x000000001cfd0000,0x000000001d0d0000)]

Other Threads:
  0x000000001be37000 VMThread [stack: 0x000000001ced0000,0x000000001cfd0000] [id=26248]
  0x000000001d7e2800 WatcherThread [stack: 0x000000001dcc0000,0x000000001ddc0000] [id=11884]

VM state:not at safepoint (normal execution)

VM Mutex/Monitor currently owned by a thread: None

Heap:
 PSYoungGen      total 76288K, used 17040K [0x000000076b180000, 0x0000000770680000, 0x00000007c0000000)
  eden space 65536K, 26% used [0x000000076b180000,0x000000076c2240c0,0x000000076f180000)
  from space 10752K, 0% used [0x000000076fc00000,0x000000076fc00000,0x0000000770680000)
  to   space 10752K, 0% used [0x000000076f180000,0x000000076f180000,0x000000076fc00000)
 ParOldGen       total 175104K, used 0K [0x00000006c1400000, 0x00000006cbf00000, 0x000000076b180000)
  object space 175104K, 0% used [0x00000006c1400000,0x00000006c1400000,0x00000006cbf00000)
 Metaspace       used 8520K, capacity 8686K, committed 8832K, reserved 1056768K
  class space    used 1041K, capacity 1129K, committed 1152K, reserved 1048576K

Card table byte_map: [0x0000000011bd0000,0x00000000123d0000] byte_map_base: 0x000000000e5c6000

Marking Bits: (ParMarkBitMap*) 0x00000000597b08c0
 Begin Bits: [0x0000000012d20000, 0x0000000016cd0000)
 End Bits:   [0x0000000016cd0000, 0x000000001ac80000)

Polling page: 0x0000000000920000

CodeCache: size=245760Kb used=2038Kb max_used=2049Kb free=243721Kb
 bounds [0x0000000002810000, 0x0000000002a80000, 0x0000000011810000]
 total_blobs=889 nmethods=450 adapters=352
 compilation: enabled

Compilation events (10 events):
Event: 81581.328 Thread 0x000000001be6d800 nmethod 444 0x0000000002a0b650 code [0x0000000002a0b7c0, 0x0000000002a0bc38]
Event: 81581.450 Thread 0x000000001be79000  447       4       java.util.HashMap$HashIterator::hasNext (13 bytes)
Event: 81581.451 Thread 0x000000001be79000 nmethod 447 0x00000000029feb50 code [0x00000000029fec80, 0x00000000029fecf8]
Event: 89969.353 Thread 0x000000001be6d800  448       4       java.util.HashMap$HashIterator::nextNode (100 bytes)
Event: 89969.356 Thread 0x000000001be6d800 nmethod 448 0x0000000002a0b1d0 code [0x0000000002a0b320, 0x0000000002a0b518]
Event: 89969.381 Thread 0x000000001be79000  449       4       java.util.HashMap::get (23 bytes)
Event: 89969.384 Thread 0x000000001be79000 nmethod 449 0x0000000002a0e5d0 code [0x0000000002a0e740, 0x0000000002a0ec98]
Event: 89969.451 Thread 0x000000001be84000  450       3       java.util.IdentityHashMap$ValueIterator::next (12 bytes)
Event: 89969.451 Thread 0x000000001be84000 nmethod 450 0x0000000002a0ad10 code [0x0000000002a0ae80, 0x0000000002a0b0c8]
Event: 145255.691 Thread 0x000000001be84000  451  s    3       sun.awt.windows.WDesktopProperties::setSoundProperty (84 bytes)

GC Heap History (0 events):
No events

Deoptimization events (1 events):
Event: 3415.449 Thread 0x000000001db9f000 Uncommon trap: reason=unstable_if action=reinterpret pc=0x00000000029ef8a4 method=java.util.Arrays.copyOf([Ljava/lang/Object;ILjava/lang/Class;)[Ljava/lang/Object; @ 3

Classes redefined (0 events):
No events

Internal exceptions (10 events):
Event: 0.032 Thread 0x00000000026ee800 Exception <a 'java/lang/NoSuchMethodError': Method sun.misc.Unsafe.defineClass(Ljava/lang/String;[BII)Ljava/lang/Class; name or signature does not match> (0x000000076b187cb0) thrown at [C:\re\workspace\8-2-build-windows-amd64-cygwin\jdk8u171\10807\hotspot
Event: 0.032 Thread 0x00000000026ee800 Exception <a 'java/lang/NoSuchMethodError': Method sun.misc.Unsafe.prefetchRead(Ljava/lang/Object;J)V name or signature does not match> (0x000000076b187f98) thrown at [C:\re\workspace\8-2-build-windows-amd64-cygwin\jdk8u171\10807\hotspot\src\share\vm\prim
Event: 0.086 Thread 0x00000000026ee800 Exception <a 'java/security/PrivilegedActionException'> (0x000000076b218ac0) thrown at [C:\re\workspace\8-2-build-windows-amd64-cygwin\jdk8u171\10807\hotspot\src\share\vm\prims\jvm.cpp, line 1435]
Event: 0.086 Thread 0x00000000026ee800 Exception <a 'java/security/PrivilegedActionException'> (0x000000076b218cd0) thrown at [C:\re\workspace\8-2-build-windows-amd64-cygwin\jdk8u171\10807\hotspot\src\share\vm\prims\jvm.cpp, line 1435]
Event: 0.086 Thread 0x00000000026ee800 Exception <a 'java/security/PrivilegedActionException'> (0x000000076b21c940) thrown at [C:\re\workspace\8-2-build-windows-amd64-cygwin\jdk8u171\10807\hotspot\src\share\vm\prims\jvm.cpp, line 1435]
Event: 0.086 Thread 0x00000000026ee800 Exception <a 'java/security/PrivilegedActionException'> (0x000000076b21cb50) thrown at [C:\re\workspace\8-2-build-windows-amd64-cygwin\jdk8u171\10807\hotspot\src\share\vm\prims\jvm.cpp, line 1435]
Event: 0.088 Thread 0x00000000026ee800 Exception <a 'java/io/FileNotFoundException'> (0x000000076b21ec60) thrown at [C:\re\workspace\8-2-build-windows-amd64-cygwin\jdk8u171\10807\hotspot\src\share\vm\prims\jni.cpp, line 709]
Event: 0.112 Thread 0x00000000026ee800 Exception <a 'java/lang/NoSuchFieldError': method resolution failed> (0x000000076b438138) thrown at [C:\re\workspace\8-2-build-windows-amd64-cygwin\jdk8u171\10807\hotspot\src\share\vm\prims\methodHandles.cpp, line 1167]
Event: 0.115 Thread 0x00000000026ee800 Exception <a 'java/lang/NoSuchFieldError': method resolution failed> (0x000000076b445508) thrown at [C:\re\workspace\8-2-build-windows-amd64-cygwin\jdk8u171\10807\hotspot\src\share\vm\prims\methodHandles.cpp, line 1167]
Event: 0.139 Thread 0x00000000026ee800 Exception <a 'java/io/FileNotFoundException'> (0x000000076b4dedf0) thrown at [C:\re\workspace\8-2-build-windows-amd64-cygwin\jdk8u171\10807\hotspot\src\share\vm\prims\jni.cpp, line 709]

Events (10 events):
Event: 4.102 Executing VM operation: EnableBiasedLocking done
Event: 5.815 loading class java/awt/KeyboardFocusManager$2
Event: 5.815 loading class java/awt/KeyboardFocusManager$2 done
Event: 5.815 loading class sun/awt/SunToolkit$1
Event: 5.815 loading class sun/awt/SunToolkit$1 done
Event: 3415.449 Thread 0x000000001db9f000 Uncommon trap: trap_request=0xffffff65 fr.pc=0x00000000029ef8a4
Event: 3415.449 Thread 0x000000001db9f000 DEOPT PACKING pc=0x00000000029ef8a4 sp=0x000000001eb5d9c0
Event: 3415.449 Thread 0x000000001db9f000 DEOPT UNPACKING pc=0x000000000285583b sp=0x000000001eb5d988 mode 2
Event: 48205.672 Thread 0x000000001dfce000 DEOPT PACKING pc=0x00000000029f856c sp=0x00000000283cf150
Event: 48205.672 Thread 0x000000001dfce000 DEOPT UNPACKING pc=0x0000000002857890 sp=0x00000000283cef58 mode 0


Dynamic libraries:
0x00007ff6454d0000 - 0x00007ff645507000 	C:\Program Files\Java\jre1.8.0_171\bin\javaw.exe
0x00007ffba0e80000 - 0x00007ffba1061000 	C:\WINDOWS\SYSTEM32\ntdll.dll
0x00007ffb9e750000 - 0x00007ffb9e802000 	C:\WINDOWS\System32\KERNEL32.DLL
0x00007ffb9d610000 - 0x00007ffb9d883000 	C:\WINDOWS\System32\KERNELBASE.dll
0x00007ffb9eb80000 - 0x00007ffb9ec21000 	C:\WINDOWS\System32\ADVAPI32.dll
0x00007ffba0db0000 - 0x00007ffba0e4e000 	C:\WINDOWS\System32\msvcrt.dll
0x00007ffba0b80000 - 0x00007ffba0bdb000 	C:\WINDOWS\System32\sechost.dll
0x00007ffb9e9f0000 - 0x00007ffb9eb14000 	C:\WINDOWS\System32\RPCRT4.dll
0x00007ffb9e860000 - 0x00007ffb9e9f0000 	C:\WINDOWS\System32\USER32.dll
0x00007ffb9d250000 - 0x00007ffb9d270000 	C:\WINDOWS\System32\win32u.dll
0x00007ffb9e830000 - 0x00007ffb9e858000 	C:\WINDOWS\System32\GDI32.dll
0x00007ffb9e170000 - 0x00007ffb9e302000 	C:\WINDOWS\System32\gdi32full.dll
0x00007ffb9d380000 - 0x00007ffb9d41f000 	C:\WINDOWS\System32\msvcp_win.dll
0x00007ffb9e020000 - 0x00007ffb9e11a000 	C:\WINDOWS\System32\ucrtbase.dll
0x00007ffb92aa0000 - 0x00007ffb92d09000 	C:\WINDOWS\WinSxS\amd64_microsoft.windows.common-controls_6595b64144ccf1df_6.0.17134.112_none_fb3f961b30681c12\COMCTL32.dll
0x00007ffb9e420000 - 0x00007ffb9e743000 	C:\WINDOWS\System32\combase.dll
0x00007ffb9dfa0000 - 0x00007ffb9e01a000 	C:\WINDOWS\System32\bcryptPrimitives.dll
0x00007ffba0cd0000 - 0x00007ffba0cfd000 	C:\WINDOWS\System32\IMM32.DLL
0x0000000058ce0000 - 0x0000000058db2000 	C:\Program Files\Java\jre1.8.0_171\bin\msvcr100.dll
0x0000000058f90000 - 0x0000000059830000 	C:\Program Files\Java\jre1.8.0_171\bin\server\jvm.dll
0x00007ffba0cc0000 - 0x00007ffba0cc8000 	C:\WINDOWS\System32\PSAPI.DLL
0x00007ffb99a70000 - 0x00007ffb99a79000 	C:\WINDOWS\SYSTEM32\WSOCK32.dll
0x00007ffb9b020000 - 0x00007ffb9b043000 	C:\WINDOWS\SYSTEM32\WINMM.dll
0x00007ffb9ed20000 - 0x00007ffb9ed8c000 	C:\WINDOWS\System32\WS2_32.dll
0x00007ffb97790000 - 0x00007ffb9779a000 	C:\WINDOWS\SYSTEM32\VERSION.dll
0x00007ffb9aff0000 - 0x00007ffb9b01a000 	C:\WINDOWS\SYSTEM32\WINMMBASE.dll
0x00007ffb9e120000 - 0x00007ffb9e169000 	C:\WINDOWS\System32\cfgmgr32.dll
0x0000000058ea0000 - 0x0000000058eaf000 	C:\Program Files\Java\jre1.8.0_171\bin\verify.dll
0x0000000058e70000 - 0x0000000058e99000 	C:\Program Files\Java\jre1.8.0_171\bin\java.dll
0x0000000058e50000 - 0x0000000058e66000 	C:\Program Files\Java\jre1.8.0_171\bin\zip.dll
0x00007ffb9ef50000 - 0x00007ffba0390000 	C:\WINDOWS\System32\SHELL32.dll
0x00007ffb9e310000 - 0x00007ffb9e3b9000 	C:\WINDOWS\System32\shcore.dll
0x00007ffb9d890000 - 0x00007ffb9df9d000 	C:\WINDOWS\System32\windows.storage.dll
0x00007ffb9e3c0000 - 0x00007ffb9e411000 	C:\WINDOWS\System32\shlwapi.dll
0x00007ffb9d210000 - 0x00007ffb9d221000 	C:\WINDOWS\System32\kernel.appcore.dll
0x00007ffb9d230000 - 0x00007ffb9d24f000 	C:\WINDOWS\System32\profapi.dll
0x00007ffb9d1b0000 - 0x00007ffb9d1fc000 	C:\WINDOWS\System32\powrprof.dll
0x00007ffb9d200000 - 0x00007ffb9d20a000 	C:\WINDOWS\System32\FLTLIB.DLL
0x0000000058b40000 - 0x0000000058cd8000 	C:\Program Files\Java\jre1.8.0_171\bin\awt.dll
0x00007ffba0be0000 - 0x00007ffba0ca2000 	C:\WINDOWS\System32\OLEAUT32.dll
0x00007ffb9b120000 - 0x00007ffb9b1ab000 	C:\WINDOWS\SYSTEM32\apphelp.dll
0x00007ffb9b620000 - 0x00007ffb9b649000 	C:\WINDOWS\system32\DWMAPI.DLL
0x00007ffb9b2d0000 - 0x00007ffb9b368000 	C:\WINDOWS\system32\uxtheme.dll
0x00007ffb85450000 - 0x00007ffb85570000 	C:\WINDOWS\system32\opengl32.dll
0x00007ffb99a20000 - 0x00007ffb99a4c000 	C:\WINDOWS\SYSTEM32\GLU32.dll
0x00007ffba05b0000 - 0x00007ffba0725000 	C:\WINDOWS\System32\MSCTF.dll
0x00007ffb9ed90000 - 0x00007ffb9eee1000 	C:\WINDOWS\System32\ole32.dll
0x00007ffb69360000 - 0x00007ffb694f7000 	C:\WINDOWS\system32\d3d9.dll
0x00007ffb977c0000 - 0x00007ffb978aa000 	C:\WINDOWS\System32\DriverStore\FileRepository\nv_ref_pubwu.inf_amd64_2e7fa54192fe16d0\nvldumdx.dll
0x00007ffb9d420000 - 0x00007ffb9d602000 	C:\WINDOWS\System32\crypt32.dll
0x00007ffb9d190000 - 0x00007ffb9d1a2000 	C:\WINDOWS\System32\MSASN1.dll
0x00007ffb9cbc0000 - 0x00007ffb9cbd7000 	C:\WINDOWS\SYSTEM32\CRYPTSP.dll
0x00007ffb9c590000 - 0x00007ffb9c5c3000 	C:\WINDOWS\system32\rsaenh.dll
0x00007ffb9ccf0000 - 0x00007ffb9cd15000 	C:\WINDOWS\SYSTEM32\bcrypt.dll
0x00007ffb9cbe0000 - 0x00007ffb9cbeb000 	C:\WINDOWS\SYSTEM32\CRYPTBASE.dll
0x00007ffb49e10000 - 0x00007ffb4afe6000 	C:\WINDOWS\System32\DriverStore\FileRepository\nv_ref_pubwu.inf_amd64_2e7fa54192fe16d0\nvd3dumx.dll
0x00007ffb87010000 - 0x00007ffb871d9000 	C:\WINDOWS\system32\nvspcap64.dll
0x00007ffba0730000 - 0x00007ffba0b7b000 	C:\WINDOWS\System32\SETUPAPI.dll
0x00007ffb99210000 - 0x00007ffb992ed000 	C:\WINDOWS\SYSTEM32\WINHTTP.dll
0x00007ffb93580000 - 0x00007ffb93a00000 	C:\WINDOWS\system32\nvapi64.dll
0x00007ffb9bf50000 - 0x00007ffb9c00b000 	C:\WINDOWS\SYSTEM32\dxgi.dll
0x0000000058af0000 - 0x0000000058b37000 	C:\Program Files\Java\jre1.8.0_171\bin\fontmanager.dll
0x0000000058e30000 - 0x0000000058e4a000 	C:\Program Files\Java\jre1.8.0_171\bin\net.dll
0x00007ffb9c9b0000 - 0x00007ffb9ca16000 	C:\WINDOWS\system32\mswsock.dll
0x0000000058e10000 - 0x0000000058e21000 	C:\Program Files\Java\jre1.8.0_171\bin\nio.dll
0x0000000058a80000 - 0x0000000058ac2000 	C:\Program Files\Java\jre1.8.0_171\bin\t2k.dll
0x00007ffb8b6a0000 - 0x00007ffb8b738000 	C:\WINDOWS\System32\TextInputFramework.dll
0x00007ffb9adf0000 - 0x00007ffb9aeca000 	C:\WINDOWS\System32\CoreMessaging.dll
0x00007ffb984e0000 - 0x00007ffb987fe000 	C:\WINDOWS\System32\CoreUIComponents.dll
0x00007ffb9c280000 - 0x00007ffb9c2b1000 	C:\WINDOWS\SYSTEM32\ntmarta.dll
0x00007ffb98320000 - 0x00007ffb9846d000 	C:\WINDOWS\SYSTEM32\wintypes.dll

VM Arguments:
jvm_args: -Dfile.encoding=Cp1252 
java_command: bhc.tours.BhcTourFrame
java_class_path (initial): C:\Program Files\Java\jre1.8.0_171\lib\resources.jar;C:\Program Files\Java\jre1.8.0_171\lib\rt.jar;C:\Program Files\Java\jre1.8.0_171\lib\jsse.jar;C:\Program Files\Java\jre1.8.0_171\lib\jce.jar;C:\Program Files\Java\jre1.8.0_171\lib\charsets.jar;C:\Program Files\Java\jre1.8.0_171\lib\jfr.jar;C:\Program Files\Java\jre1.8.0_171\lib\ext\access-bridge-64.jar;C:\Program Files\Java\jre1.8.0_171\lib\ext\cldrdata.jar;C:\Program Files\Java\jre1.8.0_171\lib\ext\dnsns.jar;C:\Program Files\Java\jre1.8.0_171\lib\ext\jaccess.jar;C:\Program Files\Java\jre1.8.0_171\lib\ext\jfxrt.jar;C:\Program Files\Java\jre1.8.0_171\lib\ext\localedata.jar;C:\Program Files\Java\jre1.8.0_171\lib\ext\nashorn.jar;C:\Program Files\Java\jre1.8.0_171\lib\ext\sunec.jar;C:\Program Files\Java\jre1.8.0_171\lib\ext\sunjce_provider.jar;C:\Program Files\Java\jre1.8.0_171\lib\ext\sunmscapi.jar;C:\Program Files\Java\jre1.8.0_171\lib\ext\sunpkcs11.jar;C:\Program Files\Java\jre1.8.0_171\lib\ext\zipfs.jar;C:\Users\stevo9510\Documents\eclipse-workspace\EN605681_HW5\bin
Launcher Type: SUN_STANDARD

Environment Variables:
PATH=C:/Program Files/Java/jre1.8.0_171/bin/server;C:/Program Files/Java/jre1.8.0_171/bin;C:/Program Files/Java/jre1.8.0_171/lib/amd64;C:\Program Files (x86)\Common Files\Oracle\Java\javapath;C:\ProgramData\Oracle\Java\javapath;C:\Windows\system32;C:\Windows;C:\Windows\System32\Wbem;C:\Windows\System32\WindowsPowerShell\v1.0\;C:\Program Files (x86)\NVIDIA Corporation\PhysX\Common;C:\WINDOWS\system32\config\systemprofile\.dnx\bin;C:\Program Files\Microsoft DNX\Dnvm\;C:\Program Files\Microsoft SQL Server\130\Tools\Binn\;C:\Program Files (x86)\GtkSharp\2.12\bin;C:\Program Files (x86)\Skype\Phone\;C:\Program Files\nodejs\;C:\Program Files\Git\cmd;C:\Program Files\PuTTY\;C:\WINDOWS\system32;C:\WINDOWS;C:\WINDOWS\System32\Wbem;C:\WINDOWS\System32\WindowsPowerShell\v1.0\;C:\Program Files (x86)\Windows Kits\10\Windows Performance Toolkit\;C:\Program Files\MiKTeX 2.9\miktex\bin\x64\;C:\Program Files\Java\jdk1.8.0_131\bin;C:\Program Files\dotnet\;C:\WINDOWS\System32\OpenSSH\;C:\Users\stevo9510\AppData\Local\Microsoft\WindowsApps;C:\Users\stevo9510\AppData\Roaming\npm;C:\Program Files\Heroku\bin;;C:\Program Files\Microsoft VS Code\bin;C:\WINDOWS\system32;
USERNAME=stevo9510
OS=Windows_NT
PROCESSOR_IDENTIFIER=Intel64 Family 6 Model 94 Stepping 3, GenuineIntel



---------------  S Y S T E M  ---------------

OS: Windows 10.0 , 64 bit Build 17134 (10.0.17134.1)

CPU:total 4 (initial active 4) (4 cores per cpu, 1 threads per core) family 6 model 94 stepping 3, cmov, cx8, fxsr, mmx, sse, sse2, sse3, ssse3, sse4.1, sse4.2, popcnt, avx, avx2, aes, clmul, erms, rtm, 3dnowpref, lzcnt, tsc, tscinvbit, bmi1, bmi2, adx

Memory: 4k page, physical 16690608k(7447644k free), swap 45869644k(0k free)

vm_info: Java HotSpot(TM) 64-Bit Server VM (25.171-b11) for windows-amd64 JRE (1.8.0_171-b11), built on Mar 28 2018 16:06:12 by "java_re" with MS VC++ 10.0 (VS2010)

time: Sun Jun 24 18:07:14 2018
elapsed time: 145255 seconds (1d 16h 20m 55s)

